<?xml version="1.0" encoding="UTF-8"?>
<testng-results ignored="0" total="3" passed="0" failed="3" skipped="0">
  <reporter-output>
  </reporter-output>
  <suite started-at="2023-04-07T10:15:57 IST" name="Default suite" finished-at="2023-04-07T10:16:03 IST" duration-ms="5557">
    <groups>
      <group name="cucumber">
        <method signature="AbstractTestNGCucumberTests.runScenario(io.cucumber.testng.PickleWrapper,io.cucumber.testng.FeatureWrapper)[pri:0, instance:Runner.CucumberRunnerTests@121314f7]" name="runScenario" class="io.cucumber.testng.AbstractTestNGCucumberTests"/>
      </group> <!-- cucumber -->
    </groups>
    <test started-at="2023-04-07T10:15:57 IST" name="Default test" finished-at="2023-04-07T10:16:03 IST" duration-ms="5557">
      <class name="Runner.CucumberRunnerTests">
        <test-method is-config="true" signature="setUpClass(org.testng.ITestContext)[pri:0, instance:Runner.CucumberRunnerTests@121314f7]" started-at="2023-04-07T10:15:57 IST" name="setUpClass" finished-at="2023-04-07T10:15:58 IST" duration-ms="767" status="PASS">
          <params>
            <param index="0">
              <value>
                <![CDATA[org.testng.TestRunner@7fc6de5b]]>
              </value>
            </param>
          </params>
          <reporter-output>
          </reporter-output>
        </test-method> <!-- setUpClass -->
        <test-method signature="runScenario(io.cucumber.testng.PickleWrapper,io.cucumber.testng.FeatureWrapper)[pri:0, instance:Runner.CucumberRunnerTests@121314f7]" started-at="2023-04-07T10:15:58 IST" name="runScenario" description="Runs Cucumber Scenarios" data-provider="scenarios" finished-at="2023-04-07T10:16:03 IST" duration-ms="4645" status="FAIL">
          <params>
            <param index="0">
              <value>
                <![CDATA["Successful Login with valid page"]]>
              </value>
            </param>
            <param index="1">
              <value>
                <![CDATA["I am automation functionality of Add Nationality,Skills,Jobs in Orange HRM application"]]>
              </value>
            </param>
          </params>
          <exception class="org.openqa.selenium.SessionNotCreatedException">
            <message>
              <![CDATA[session not created: This version of ChromeDriver only supports Chrome version 110
Current browser version is 112.0.5615.50 with binary path C:\Program Files\Google\Chrome\Application\chrome.exe
Build info: version: '3.141.59', revision: 'e82be7d358', time: '2018-11-14T08:17:03'
System info: host: 'DESKTOP-K7FOI5C', ip: '192.168.161.245', os.name: 'Windows 10', os.arch: 'amd64', os.version: '10.0', java.version: '17.0.6'
Driver info: driver.version: ChromeDriver
remote stacktrace: Backtrace:
(No symbol) [0x00C037D3]
(No symbol) [0x00B98B81]
(No symbol) [0x00A9B36D]
(No symbol) [0x00ABED6D]
(No symbol) [0x00AB9B90]
(No symbol) [0x00AB6FC9]
(No symbol) [0x00AF1ED5]
(No symbol) [0x00AF1B2C]
(No symbol) [0x00AEB216]
(No symbol) [0x00AC0D97]
(No symbol) [0x00AC253D]
GetHandleVerifier [0x00E7ABF2+2510930]
GetHandleVerifier [0x00EA8EC1+2700065]
GetHandleVerifier [0x00EAC86C+2714828]
GetHandleVerifier [0x00CB3480+645344]
(No symbol) [0x00BA0FD2]
(No symbol) [0x00BA6C68]
(No symbol) [0x00BA6D4B]
(No symbol) [0x00BB0D6B]
BaseThreadInitThunk [0x77A0FEF9+25]
RtlGetAppContainerNamedObjectPath [0x77CF7BBE+286]
RtlGetAppContainerNamedObjectPath [0x77CF7B8E+238]
]]>
            </message>
            <full-stacktrace>
              <![CDATA[org.openqa.selenium.SessionNotCreatedException: session not created: This version of ChromeDriver only supports Chrome version 110
Current browser version is 112.0.5615.50 with binary path C:\Program Files\Google\Chrome\Application\chrome.exe
Build info: version: '3.141.59', revision: 'e82be7d358', time: '2018-11-14T08:17:03'
System info: host: 'DESKTOP-K7FOI5C', ip: '192.168.161.245', os.name: 'Windows 10', os.arch: 'amd64', os.version: '10.0', java.version: '17.0.6'
Driver info: driver.version: ChromeDriver
remote stacktrace: Backtrace:
(No symbol) [0x00C037D3]
(No symbol) [0x00B98B81]
(No symbol) [0x00A9B36D]
(No symbol) [0x00ABED6D]
(No symbol) [0x00AB9B90]
(No symbol) [0x00AB6FC9]
(No symbol) [0x00AF1ED5]
(No symbol) [0x00AF1B2C]
(No symbol) [0x00AEB216]
(No symbol) [0x00AC0D97]
(No symbol) [0x00AC253D]
GetHandleVerifier [0x00E7ABF2+2510930]
GetHandleVerifier [0x00EA8EC1+2700065]
GetHandleVerifier [0x00EAC86C+2714828]
GetHandleVerifier [0x00CB3480+645344]
(No symbol) [0x00BA0FD2]
(No symbol) [0x00BA6C68]
(No symbol) [0x00BA6D4B]
(No symbol) [0x00BB0D6B]
BaseThreadInitThunk [0x77A0FEF9+25]
RtlGetAppContainerNamedObjectPath [0x77CF7BBE+286]
RtlGetAppContainerNamedObjectPath [0x77CF7B8E+238]

at java.base/jdk.internal.reflect.NativeConstructorAccessorImpl.newInstance0(Native Method)
at java.base/jdk.internal.reflect.NativeConstructorAccessorImpl.newInstance(NativeConstructorAccessorImpl.java:77)
at java.base/jdk.internal.reflect.DelegatingConstructorAccessorImpl.newInstance(DelegatingConstructorAccessorImpl.java:45)
at java.base/java.lang.reflect.Constructor.newInstanceWithCaller(Constructor.java:499)
at java.base/java.lang.reflect.Constructor.newInstance(Constructor.java:480)
at org.openqa.selenium.remote.W3CHandshakeResponse.lambda$errorHandler$0(W3CHandshakeResponse.java:62)
at org.openqa.selenium.remote.HandshakeResponse.lambda$getResponseFunction$0(HandshakeResponse.java:30)
at org.openqa.selenium.remote.ProtocolHandshake.lambda$createSession$0(ProtocolHandshake.java:126)
at java.base/java.util.stream.ReferencePipeline$3$1.accept(ReferencePipeline.java:197)
at java.base/java.util.Spliterators$ArraySpliterator.tryAdvance(Spliterators.java:1002)
at java.base/java.util.stream.ReferencePipeline.forEachWithCancel(ReferencePipeline.java:129)
at java.base/java.util.stream.AbstractPipeline.copyIntoWithCancel(AbstractPipeline.java:527)
at java.base/java.util.stream.AbstractPipeline.copyInto(AbstractPipeline.java:513)
at java.base/java.util.stream.AbstractPipeline.wrapAndCopyInto(AbstractPipeline.java:499)
at java.base/java.util.stream.FindOps$FindOp.evaluateSequential(FindOps.java:150)
at java.base/java.util.stream.AbstractPipeline.evaluate(AbstractPipeline.java:234)
at java.base/java.util.stream.ReferencePipeline.findFirst(ReferencePipeline.java:647)
at org.openqa.selenium.remote.ProtocolHandshake.createSession(ProtocolHandshake.java:128)
at org.openqa.selenium.remote.ProtocolHandshake.createSession(ProtocolHandshake.java:74)
at org.openqa.selenium.remote.HttpCommandExecutor.execute(HttpCommandExecutor.java:136)
at org.openqa.selenium.remote.service.DriverCommandExecutor.execute(DriverCommandExecutor.java:83)
at org.openqa.selenium.remote.RemoteWebDriver.execute(RemoteWebDriver.java:552)
at org.openqa.selenium.remote.RemoteWebDriver.startSession(RemoteWebDriver.java:213)
at org.openqa.selenium.remote.RemoteWebDriver.<init>(RemoteWebDriver.java:131)
at org.openqa.selenium.chrome.ChromeDriver.<init>(ChromeDriver.java:181)
at org.openqa.selenium.chrome.ChromeDriver.<init>(ChromeDriver.java:168)
at org.openqa.selenium.chrome.ChromeDriver.<init>(ChromeDriver.java:123)
at GlueCode.Steps.user_launch_chrome_browser(Steps.java:22)
at ✽.User launch chrome browser(file:///C:/Users/HP/eclipse-workspace/CUCUMBER_DATATABLES_P/src/test/resources/Features/Practice.feature:4)
]]>
            </full-stacktrace>
          </exception> <!-- org.openqa.selenium.SessionNotCreatedException -->
          <reporter-output>
          </reporter-output>
        </test-method> <!-- runScenario -->
        <test-method signature="runScenario(io.cucumber.testng.PickleWrapper,io.cucumber.testng.FeatureWrapper)[pri:0, instance:Runner.CucumberRunnerTests@121314f7]" started-at="2023-04-07T10:15:58 IST" name="runScenario" description="Runs Cucumber Scenarios" data-provider="scenarios" finished-at="2023-04-07T10:16:02 IST" duration-ms="4451" status="FAIL">
          <params>
            <param index="0">
              <value>
                <![CDATA["Successful Login with valid page"]]>
              </value>
            </param>
            <param index="1">
              <value>
                <![CDATA["I am automation functionality of Add Nationality,Skills,Jobs in Orange HRM application"]]>
              </value>
            </param>
          </params>
          <exception class="org.openqa.selenium.SessionNotCreatedException">
            <message>
              <![CDATA[session not created: This version of ChromeDriver only supports Chrome version 110
Current browser version is 112.0.5615.50 with binary path C:\Program Files\Google\Chrome\Application\chrome.exe
Build info: version: '3.141.59', revision: 'e82be7d358', time: '2018-11-14T08:17:03'
System info: host: 'DESKTOP-K7FOI5C', ip: '192.168.161.245', os.name: 'Windows 10', os.arch: 'amd64', os.version: '10.0', java.version: '17.0.6'
Driver info: driver.version: ChromeDriver
remote stacktrace: Backtrace:
(No symbol) [0x00C037D3]
(No symbol) [0x00B98B81]
(No symbol) [0x00A9B36D]
(No symbol) [0x00ABED6D]
(No symbol) [0x00AB9B90]
(No symbol) [0x00AB6FC9]
(No symbol) [0x00AF1ED5]
(No symbol) [0x00AF1B2C]
(No symbol) [0x00AEB216]
(No symbol) [0x00AC0D97]
(No symbol) [0x00AC253D]
GetHandleVerifier [0x00E7ABF2+2510930]
GetHandleVerifier [0x00EA8EC1+2700065]
GetHandleVerifier [0x00EAC86C+2714828]
GetHandleVerifier [0x00CB3480+645344]
(No symbol) [0x00BA0FD2]
(No symbol) [0x00BA6C68]
(No symbol) [0x00BA6D4B]
(No symbol) [0x00BB0D6B]
BaseThreadInitThunk [0x77A0FEF9+25]
RtlGetAppContainerNamedObjectPath [0x77CF7BBE+286]
RtlGetAppContainerNamedObjectPath [0x77CF7B8E+238]
]]>
            </message>
            <full-stacktrace>
              <![CDATA[org.openqa.selenium.SessionNotCreatedException: session not created: This version of ChromeDriver only supports Chrome version 110
Current browser version is 112.0.5615.50 with binary path C:\Program Files\Google\Chrome\Application\chrome.exe
Build info: version: '3.141.59', revision: 'e82be7d358', time: '2018-11-14T08:17:03'
System info: host: 'DESKTOP-K7FOI5C', ip: '192.168.161.245', os.name: 'Windows 10', os.arch: 'amd64', os.version: '10.0', java.version: '17.0.6'
Driver info: driver.version: ChromeDriver
remote stacktrace: Backtrace:
(No symbol) [0x00C037D3]
(No symbol) [0x00B98B81]
(No symbol) [0x00A9B36D]
(No symbol) [0x00ABED6D]
(No symbol) [0x00AB9B90]
(No symbol) [0x00AB6FC9]
(No symbol) [0x00AF1ED5]
(No symbol) [0x00AF1B2C]
(No symbol) [0x00AEB216]
(No symbol) [0x00AC0D97]
(No symbol) [0x00AC253D]
GetHandleVerifier [0x00E7ABF2+2510930]
GetHandleVerifier [0x00EA8EC1+2700065]
GetHandleVerifier [0x00EAC86C+2714828]
GetHandleVerifier [0x00CB3480+645344]
(No symbol) [0x00BA0FD2]
(No symbol) [0x00BA6C68]
(No symbol) [0x00BA6D4B]
(No symbol) [0x00BB0D6B]
BaseThreadInitThunk [0x77A0FEF9+25]
RtlGetAppContainerNamedObjectPath [0x77CF7BBE+286]
RtlGetAppContainerNamedObjectPath [0x77CF7B8E+238]

at java.base/jdk.internal.reflect.NativeConstructorAccessorImpl.newInstance0(Native Method)
at java.base/jdk.internal.reflect.NativeConstructorAccessorImpl.newInstance(NativeConstructorAccessorImpl.java:77)
at java.base/jdk.internal.reflect.DelegatingConstructorAccessorImpl.newInstance(DelegatingConstructorAccessorImpl.java:45)
at java.base/java.lang.reflect.Constructor.newInstanceWithCaller(Constructor.java:499)
at java.base/java.lang.reflect.Constructor.newInstance(Constructor.java:480)
at org.openqa.selenium.remote.W3CHandshakeResponse.lambda$errorHandler$0(W3CHandshakeResponse.java:62)
at org.openqa.selenium.remote.HandshakeResponse.lambda$getResponseFunction$0(HandshakeResponse.java:30)
at org.openqa.selenium.remote.ProtocolHandshake.lambda$createSession$0(ProtocolHandshake.java:126)
at java.base/java.util.stream.ReferencePipeline$3$1.accept(ReferencePipeline.java:197)
at java.base/java.util.Spliterators$ArraySpliterator.tryAdvance(Spliterators.java:1002)
at java.base/java.util.stream.ReferencePipeline.forEachWithCancel(ReferencePipeline.java:129)
at java.base/java.util.stream.AbstractPipeline.copyIntoWithCancel(AbstractPipeline.java:527)
at java.base/java.util.stream.AbstractPipeline.copyInto(AbstractPipeline.java:513)
at java.base/java.util.stream.AbstractPipeline.wrapAndCopyInto(AbstractPipeline.java:499)
at java.base/java.util.stream.FindOps$FindOp.evaluateSequential(FindOps.java:150)
at java.base/java.util.stream.AbstractPipeline.evaluate(AbstractPipeline.java:234)
at java.base/java.util.stream.ReferencePipeline.findFirst(ReferencePipeline.java:647)
at org.openqa.selenium.remote.ProtocolHandshake.createSession(ProtocolHandshake.java:128)
at org.openqa.selenium.remote.ProtocolHandshake.createSession(ProtocolHandshake.java:74)
at org.openqa.selenium.remote.HttpCommandExecutor.execute(HttpCommandExecutor.java:136)
at org.openqa.selenium.remote.service.DriverCommandExecutor.execute(DriverCommandExecutor.java:83)
at org.openqa.selenium.remote.RemoteWebDriver.execute(RemoteWebDriver.java:552)
at org.openqa.selenium.remote.RemoteWebDriver.startSession(RemoteWebDriver.java:213)
at org.openqa.selenium.remote.RemoteWebDriver.<init>(RemoteWebDriver.java:131)
at org.openqa.selenium.chrome.ChromeDriver.<init>(ChromeDriver.java:181)
at org.openqa.selenium.chrome.ChromeDriver.<init>(ChromeDriver.java:168)
at org.openqa.selenium.chrome.ChromeDriver.<init>(ChromeDriver.java:123)
at GlueCode.Steps.user_launch_chrome_browser(Steps.java:22)
at ✽.User launch chrome browser(file:///C:/Users/HP/eclipse-workspace/CUCUMBER_DATATABLES_P/src/test/resources/Features/Practice.feature:4)
]]>
            </full-stacktrace>
          </exception> <!-- org.openqa.selenium.SessionNotCreatedException -->
          <reporter-output>
          </reporter-output>
        </test-method> <!-- runScenario -->
        <test-method signature="runScenario(io.cucumber.testng.PickleWrapper,io.cucumber.testng.FeatureWrapper)[pri:0, instance:Runner.CucumberRunnerTests@121314f7]" started-at="2023-04-07T10:15:58 IST" name="runScenario" description="Runs Cucumber Scenarios" data-provider="scenarios" finished-at="2023-04-07T10:16:02 IST" duration-ms="4516" status="FAIL">
          <params>
            <param index="0">
              <value>
                <![CDATA["Successful Login with valid page"]]>
              </value>
            </param>
            <param index="1">
              <value>
                <![CDATA["I am automation functionality of Add Nationality,Skills,Jobs in Orange HRM application"]]>
              </value>
            </param>
          </params>
          <exception class="org.openqa.selenium.SessionNotCreatedException">
            <message>
              <![CDATA[session not created: This version of ChromeDriver only supports Chrome version 110
Current browser version is 112.0.5615.50 with binary path C:\Program Files\Google\Chrome\Application\chrome.exe
Build info: version: '3.141.59', revision: 'e82be7d358', time: '2018-11-14T08:17:03'
System info: host: 'DESKTOP-K7FOI5C', ip: '192.168.161.245', os.name: 'Windows 10', os.arch: 'amd64', os.version: '10.0', java.version: '17.0.6'
Driver info: driver.version: ChromeDriver
remote stacktrace: Backtrace:
(No symbol) [0x00C037D3]
(No symbol) [0x00B98B81]
(No symbol) [0x00A9B36D]
(No symbol) [0x00ABED6D]
(No symbol) [0x00AB9B90]
(No symbol) [0x00AB6FC9]
(No symbol) [0x00AF1ED5]
(No symbol) [0x00AF1B2C]
(No symbol) [0x00AEB216]
(No symbol) [0x00AC0D97]
(No symbol) [0x00AC253D]
GetHandleVerifier [0x00E7ABF2+2510930]
GetHandleVerifier [0x00EA8EC1+2700065]
GetHandleVerifier [0x00EAC86C+2714828]
GetHandleVerifier [0x00CB3480+645344]
(No symbol) [0x00BA0FD2]
(No symbol) [0x00BA6C68]
(No symbol) [0x00BA6D4B]
(No symbol) [0x00BB0D6B]
BaseThreadInitThunk [0x77A0FEF9+25]
RtlGetAppContainerNamedObjectPath [0x77CF7BBE+286]
RtlGetAppContainerNamedObjectPath [0x77CF7B8E+238]
]]>
            </message>
            <full-stacktrace>
              <![CDATA[org.openqa.selenium.SessionNotCreatedException: session not created: This version of ChromeDriver only supports Chrome version 110
Current browser version is 112.0.5615.50 with binary path C:\Program Files\Google\Chrome\Application\chrome.exe
Build info: version: '3.141.59', revision: 'e82be7d358', time: '2018-11-14T08:17:03'
System info: host: 'DESKTOP-K7FOI5C', ip: '192.168.161.245', os.name: 'Windows 10', os.arch: 'amd64', os.version: '10.0', java.version: '17.0.6'
Driver info: driver.version: ChromeDriver
remote stacktrace: Backtrace:
(No symbol) [0x00C037D3]
(No symbol) [0x00B98B81]
(No symbol) [0x00A9B36D]
(No symbol) [0x00ABED6D]
(No symbol) [0x00AB9B90]
(No symbol) [0x00AB6FC9]
(No symbol) [0x00AF1ED5]
(No symbol) [0x00AF1B2C]
(No symbol) [0x00AEB216]
(No symbol) [0x00AC0D97]
(No symbol) [0x00AC253D]
GetHandleVerifier [0x00E7ABF2+2510930]
GetHandleVerifier [0x00EA8EC1+2700065]
GetHandleVerifier [0x00EAC86C+2714828]
GetHandleVerifier [0x00CB3480+645344]
(No symbol) [0x00BA0FD2]
(No symbol) [0x00BA6C68]
(No symbol) [0x00BA6D4B]
(No symbol) [0x00BB0D6B]
BaseThreadInitThunk [0x77A0FEF9+25]
RtlGetAppContainerNamedObjectPath [0x77CF7BBE+286]
RtlGetAppContainerNamedObjectPath [0x77CF7B8E+238]

at java.base/jdk.internal.reflect.NativeConstructorAccessorImpl.newInstance0(Native Method)
at java.base/jdk.internal.reflect.NativeConstructorAccessorImpl.newInstance(NativeConstructorAccessorImpl.java:77)
at java.base/jdk.internal.reflect.DelegatingConstructorAccessorImpl.newInstance(DelegatingConstructorAccessorImpl.java:45)
at java.base/java.lang.reflect.Constructor.newInstanceWithCaller(Constructor.java:499)
at java.base/java.lang.reflect.Constructor.newInstance(Constructor.java:480)
at org.openqa.selenium.remote.W3CHandshakeResponse.lambda$errorHandler$0(W3CHandshakeResponse.java:62)
at org.openqa.selenium.remote.HandshakeResponse.lambda$getResponseFunction$0(HandshakeResponse.java:30)
at org.openqa.selenium.remote.ProtocolHandshake.lambda$createSession$0(ProtocolHandshake.java:126)
at java.base/java.util.stream.ReferencePipeline$3$1.accept(ReferencePipeline.java:197)
at java.base/java.util.Spliterators$ArraySpliterator.tryAdvance(Spliterators.java:1002)
at java.base/java.util.stream.ReferencePipeline.forEachWithCancel(ReferencePipeline.java:129)
at java.base/java.util.stream.AbstractPipeline.copyIntoWithCancel(AbstractPipeline.java:527)
at java.base/java.util.stream.AbstractPipeline.copyInto(AbstractPipeline.java:513)
at java.base/java.util.stream.AbstractPipeline.wrapAndCopyInto(AbstractPipeline.java:499)
at java.base/java.util.stream.FindOps$FindOp.evaluateSequential(FindOps.java:150)
at java.base/java.util.stream.AbstractPipeline.evaluate(AbstractPipeline.java:234)
at java.base/java.util.stream.ReferencePipeline.findFirst(ReferencePipeline.java:647)
at org.openqa.selenium.remote.ProtocolHandshake.createSession(ProtocolHandshake.java:128)
at org.openqa.selenium.remote.ProtocolHandshake.createSession(ProtocolHandshake.java:74)
at org.openqa.selenium.remote.HttpCommandExecutor.execute(HttpCommandExecutor.java:136)
at org.openqa.selenium.remote.service.DriverCommandExecutor.execute(DriverCommandExecutor.java:83)
at org.openqa.selenium.remote.RemoteWebDriver.execute(RemoteWebDriver.java:552)
at org.openqa.selenium.remote.RemoteWebDriver.startSession(RemoteWebDriver.java:213)
at org.openqa.selenium.remote.RemoteWebDriver.<init>(RemoteWebDriver.java:131)
at org.openqa.selenium.chrome.ChromeDriver.<init>(ChromeDriver.java:181)
at org.openqa.selenium.chrome.ChromeDriver.<init>(ChromeDriver.java:168)
at org.openqa.selenium.chrome.ChromeDriver.<init>(ChromeDriver.java:123)
at GlueCode.Steps.user_launch_chrome_browser(Steps.java:22)
at ✽.User launch chrome browser(file:///C:/Users/HP/eclipse-workspace/CUCUMBER_DATATABLES_P/src/test/resources/Features/Practice.feature:4)
]]>
            </full-stacktrace>
          </exception> <!-- org.openqa.selenium.SessionNotCreatedException -->
          <reporter-output>
          </reporter-output>
        </test-method> <!-- runScenario -->
        <test-method is-config="true" signature="tearDownClass()[pri:0, instance:Runner.CucumberRunnerTests@121314f7]" started-at="2023-04-07T10:16:03 IST" name="tearDownClass" finished-at="2023-04-07T10:16:03 IST" duration-ms="23" status="PASS">
          <reporter-output>
          </reporter-output>
        </test-method> <!-- tearDownClass -->
      </class> <!-- Runner.CucumberRunnerTests -->
    </test> <!-- Default test -->
  </suite> <!-- Default suite -->
</testng-results>
